Using pre-set license
Built from '2020.3/staging' branch; Version is '2020.3.11f1 (99c7afb366b3) revision 10078127'; Using compiler version '192528614'; Build Type 'Release'
OS: 'Windows 10 Pro; OS build 19042.1288; Version 2009; 64bit' Language: 'en' Physical Memory: 32717 MB
BatchMode: 1, IsHumanControllingUs: 0, StartBugReporterOnCrash: 0, Is64bit: 1, IsPro: 0

 COMMAND LINE ARGUMENTS:
C:\Program Files\Unity\Hub\Editor\2020.3.11f1\Editor\Unity.exe
-adb2
-batchMode
-noUpm
-name
AssetImportWorker0
-projectPath
D:/GameDev/BugGame
-logFile
Logs/AssetImportWorker0.log
-srvPort
60211
Successfully changed project path to: D:/GameDev/BugGame
D:/GameDev/BugGame
Using Asset Import Pipeline V2.
Refreshing native plugins compatible for Editor in 45.23 ms, found 2 plugins.
Preloading 0 native plugins for Editor in 0.00 ms.
Initialize engine version: 2020.3.11f1 (99c7afb366b3)
[Subsystems] Discovering subsystems at path C:/Program Files/Unity/Hub/Editor/2020.3.11f1/Editor/Data/Resources/UnitySubsystems
[Subsystems] Discovering subsystems at path D:/GameDev/BugGame/Assets
GfxDevice: creating device client; threaded=0
Direct3D:
    Version:  Direct3D 11.0 [level 11.1]
    Renderer: NVIDIA GeForce RTX 2060 SUPER (ID=0x1f06)
    Vendor:   
    VRAM:     8031 MB
    Driver:   30.0.14.9649
Initialize mono
Mono path[0] = 'C:/Program Files/Unity/Hub/Editor/2020.3.11f1/Editor/Data/Managed'
Mono path[1] = 'C:/Program Files/Unity/Hub/Editor/2020.3.11f1/Editor/Data/MonoBleedingEdge/lib/mono/unityjit'
Mono config path = 'C:/Program Files/Unity/Hub/Editor/2020.3.11f1/Editor/Data/MonoBleedingEdge/etc'
Using monoOptions --debugger-agent=transport=dt_socket,embedding=1,server=y,suspend=n,address=127.0.0.1:56008
Begin MonoManager ReloadAssembly
Registering precompiled unity dll's ...
Register platform support module: C:/Program Files/Unity/Hub/Editor/2020.3.11f1/Editor/Data/PlaybackEngines/WebGLSupport/UnityEditor.WebGL.Extensions.dll
Register platform support module: C:/Program Files/Unity/Hub/Editor/2020.3.11f1/Editor/Data/PlaybackEngines/WindowsStandaloneSupport/UnityEditor.WindowsStandalone.Extensions.dll
Registered in 0.001952 seconds.
Native extension for WindowsStandalone target not found
Native extension for WebGL target not found
Refreshing native plugins compatible for Editor in 46.14 ms, found 2 plugins.
Preloading 0 native plugins for Editor in 0.00 ms.
Mono: successfully reloaded assembly
- Completed reload, in  0.987 seconds
Platform modules already initialized, skipping
Registering precompiled user dll's ...
Registered in 0.002502 seconds.
Begin MonoManager ReloadAssembly
Native extension for WindowsStandalone target not found
Native extension for WebGL target not found
Refreshing native plugins compatible for Editor in 48.37 ms, found 2 plugins.
Preloading 0 native plugins for Editor in 0.00 ms.
Mono: successfully reloaded assembly
- Completed reload, in  0.949 seconds
Platform modules already initialized, skipping
========================================================================
Worker process is ready to serve import requests
Shader 'Universal Render Pipeline/Particles/Lit': fallback shader 'Universal Render Pipeline/Particles/SimpleLit' not found
Shader 'Universal Render Pipeline/Particles/Lit': fallback shader 'Universal Render Pipeline/Particles/SimpleLit' not found
Launched and connected shader compiler UnityShaderCompiler.exe after 0.03 seconds
Refreshing native plugins compatible for Editor in 0.65 ms, found 2 plugins.
Preloading 0 native plugins for Editor in 0.00 ms.
Unloading 2740 Unused Serialized files (Serialized files now loaded: 0)
System memory in use before: 123.1 MB.
System memory in use after: 120.3 MB.

Unloading 58 unused Assets to reduce memory usage. Loaded Objects now: 3142.
Total: 3.216800 ms (FindLiveObjects: 0.265000 ms CreateObjectMapping: 0.066200 ms MarkObjects: 1.785200 ms  DeleteObjects: 1.099200 ms)

========================================================================
Received Prepare
Registering precompiled user dll's ...
Registered in 0.002354 seconds.
Begin MonoManager ReloadAssembly
Native extension for WindowsStandalone target not found
Native extension for WebGL target not found
Refreshing native plugins compatible for Editor in 0.56 ms, found 2 plugins.
Preloading 0 native plugins for Editor in 0.00 ms.
Mono: successfully reloaded assembly
- Completed reload, in  0.873 seconds
Platform modules already initialized, skipping
Shader 'Universal Render Pipeline/Particles/Lit': fallback shader 'Universal Render Pipeline/Particles/SimpleLit' not found
Shader 'Universal Render Pipeline/Particles/Lit': fallback shader 'Universal Render Pipeline/Particles/SimpleLit' not found
Refreshing native plugins compatible for Editor in 0.89 ms, found 2 plugins.
Preloading 0 native plugins for Editor in 0.00 ms.
Unloading 2665 Unused Serialized files (Serialized files now loaded: 0)
System memory in use before: 119.4 MB.
System memory in use after: 116.7 MB.

Unloading 49 unused Assets to reduce memory usage. Loaded Objects now: 3145.
Total: 5.142500 ms (FindLiveObjects: 0.317400 ms CreateObjectMapping: 0.062900 ms MarkObjects: 2.783200 ms  DeleteObjects: 1.976900 ms)

========================================================================
Received Import Request.
  path: Assets/Scripts/Bug.cs
  artifactKey: Guid(e68ebba246309504a8da715e79b584ae) Importer(815301076,1909f56bfc062723c751e8b465ee728b)
Start importing Assets/Scripts/Bug.cs using Guid(e68ebba246309504a8da715e79b584ae) Importer(815301076,1909f56bfc062723c751e8b465ee728b)  -> (artifact id: 'b749874dbd17d6e61f57ab4386fe3f2b') in 0.021698 seconds
  Import took 0.025514 seconds .

========================================================================
Received Prepare
Registering precompiled user dll's ...
Registered in 0.002458 seconds.
Begin MonoManager ReloadAssembly
Native extension for WindowsStandalone target not found
Native extension for WebGL target not found
Refreshing native plugins compatible for Editor in 0.70 ms, found 2 plugins.
Preloading 0 native plugins for Editor in 0.00 ms.
Mono: successfully reloaded assembly
- Completed reload, in  0.822 seconds
Platform modules already initialized, skipping
Shader 'Universal Render Pipeline/Particles/Lit': fallback shader 'Universal Render Pipeline/Particles/SimpleLit' not found
Shader 'Universal Render Pipeline/Particles/Lit': fallback shader 'Universal Render Pipeline/Particles/SimpleLit' not found
Refreshing native plugins compatible for Editor in 0.61 ms, found 2 plugins.
Preloading 0 native plugins for Editor in 0.00 ms.
Unloading 2665 Unused Serialized files (Serialized files now loaded: 0)
System memory in use before: 119.5 MB.
System memory in use after: 116.8 MB.

Unloading 49 unused Assets to reduce memory usage. Loaded Objects now: 3148.
Total: 3.101800 ms (FindLiveObjects: 0.252900 ms CreateObjectMapping: 0.062700 ms MarkObjects: 1.632800 ms  DeleteObjects: 1.152200 ms)

========================================================================
Received Import Request.
  Time since last request: 307.591741 seconds.
  path: Assets/Scripts/Bug.cs
  artifactKey: Guid(e68ebba246309504a8da715e79b584ae) Importer(815301076,1909f56bfc062723c751e8b465ee728b)
Start importing Assets/Scripts/Bug.cs using Guid(e68ebba246309504a8da715e79b584ae) Importer(815301076,1909f56bfc062723c751e8b465ee728b)  -> (artifact id: '47b3bf39437819a77f469691e3917dfb') in 0.004072 seconds
  Import took 0.007263 seconds .

========================================================================
Received Import Request.
  Time since last request: 96.820370 seconds.
  path: Assets/Scenes/StartMenu.unity
  artifactKey: Guid(a1e5a6ed6886da145992363e680322aa) Importer(815301076,1909f56bfc062723c751e8b465ee728b)
Start importing Assets/Scenes/StartMenu.unity using Guid(a1e5a6ed6886da145992363e680322aa) Importer(815301076,1909f56bfc062723c751e8b465ee728b)  -> (artifact id: '9a3a885219c9a75c731d50d0ebb5282f') in 0.014844 seconds
  Import took 0.018607 seconds .

========================================================================
Received Import Request.
  Time since last request: 28.927060 seconds.
  path: Assets/Tiny RPG Forest/Artwork/sprites/treant/idle/treant-idle-back.png
  artifactKey: Guid(b51d18577d0ec4d29b81998d983bd710) Importer(815301076,1909f56bfc062723c751e8b465ee728b)
Start importing Assets/Tiny RPG Forest/Artwork/sprites/treant/idle/treant-idle-back.png using Guid(b51d18577d0ec4d29b81998d983bd710) Importer(815301076,1909f56bfc062723c751e8b465ee728b)  -> (artifact id: '4f88e297e1ddac68d7db727da38e6496') in 0.056587 seconds
  Import took 0.060353 seconds .

========================================================================
Received Import Request.
  Time since last request: 0.000148 seconds.
  path: Assets/Tiny RPG Forest/Artwork/sprites/treant/idle/treant-idle-side.png
  artifactKey: Guid(4dbf9e4cb148c4dc991ed1bfc861e5e9) Importer(815301076,1909f56bfc062723c751e8b465ee728b)
Start importing Assets/Tiny RPG Forest/Artwork/sprites/treant/idle/treant-idle-side.png using Guid(4dbf9e4cb148c4dc991ed1bfc861e5e9) Importer(815301076,1909f56bfc062723c751e8b465ee728b)  -> (artifact id: 'a94b8e6ea66cd3a0c5d4776a5c33017d') in 0.012426 seconds
  Import took 0.015734 seconds .

========================================================================
Received Import Request.
  Time since last request: 0.000154 seconds.
  path: Assets/Tiny RPG Forest/Artwork/sprites/treant/walk/treant-walk-side/treant-walk-side-4.png
  artifactKey: Guid(c6e71e5355da9443185e2258a6c47e2b) Importer(815301076,1909f56bfc062723c751e8b465ee728b)
Start importing Assets/Tiny RPG Forest/Artwork/sprites/treant/walk/treant-walk-side/treant-walk-side-4.png using Guid(c6e71e5355da9443185e2258a6c47e2b) Importer(815301076,1909f56bfc062723c751e8b465ee728b)  -> (artifact id: '356e601f5fec5afa04d0410b7754639d') in 0.011997 seconds
  Import took 0.015204 seconds .

========================================================================
Received Import Request.
  Time since last request: 0.000128 seconds.
  path: Assets/Tiny RPG Forest/Artwork/sprites/treant/walk/treant-walk-front/treant-walk-front-1.png
  artifactKey: Guid(2ee1314051846416d927a45c9d0cc3cb) Importer(815301076,1909f56bfc062723c751e8b465ee728b)
Start importing Assets/Tiny RPG Forest/Artwork/sprites/treant/walk/treant-walk-front/treant-walk-front-1.png using Guid(2ee1314051846416d927a45c9d0cc3cb) Importer(815301076,1909f56bfc062723c751e8b465ee728b)  -> (artifact id: '4d29ecf549f79bcfe87998f878b1a611') in 0.013545 seconds
  Import took 0.016665 seconds .

========================================================================
Received Import Request.
  Time since last request: 0.000141 seconds.
  path: Assets/Tiny RPG Forest/Artwork/sprites/treant/walk/treant-walk-side/treant-walk-side-3.png
  artifactKey: Guid(c4caec8cc98064142a508203aef791ad) Importer(815301076,1909f56bfc062723c751e8b465ee728b)
Start importing Assets/Tiny RPG Forest/Artwork/sprites/treant/walk/treant-walk-side/treant-walk-side-3.png using Guid(c4caec8cc98064142a508203aef791ad) Importer(815301076,1909f56bfc062723c751e8b465ee728b)  -> (artifact id: '8b1bac32556d8fbef7cb9ca8faf0f9bf') in 0.013310 seconds
  Import took 0.016523 seconds .

========================================================================
Received Import Request.
  Time since last request: 0.000154 seconds.
  path: Assets/Tiny RPG Forest/Artwork/sprites/treant/walk/treant-walk-back/treant-walk-back-3.png
  artifactKey: Guid(bfef331f8be9543878401898984e83c9) Importer(815301076,1909f56bfc062723c751e8b465ee728b)
Start importing Assets/Tiny RPG Forest/Artwork/sprites/treant/walk/treant-walk-back/treant-walk-back-3.png using Guid(bfef331f8be9543878401898984e83c9) Importer(815301076,1909f56bfc062723c751e8b465ee728b)  -> (artifact id: '5bd0e59e3c061b73f4e34f7383319f33') in 0.012212 seconds
  Import took 0.015440 seconds .

========================================================================
Received Import Request.
  Time since last request: 0.000132 seconds.
  path: Assets/Tiny RPG Forest/Artwork/sprites/treant/walk/treant-walk-front/treant-walk-front-4.png
  artifactKey: Guid(88b2c05b4d55c482b8e1d5fe0594d927) Importer(815301076,1909f56bfc062723c751e8b465ee728b)
Start importing Assets/Tiny RPG Forest/Artwork/sprites/treant/walk/treant-walk-front/treant-walk-front-4.png using Guid(88b2c05b4d55c482b8e1d5fe0594d927) Importer(815301076,1909f56bfc062723c751e8b465ee728b)  -> (artifact id: '3020f994b1d1401714f20f55e71b26c5') in 0.013805 seconds
  Import took 0.017101 seconds .

========================================================================
Received Import Request.
  Time since last request: 0.000149 seconds.
  path: Assets/Tiny RPG Forest/Artwork/sprites/treant/walk/treant-walk-side/treant-walk-side-1.png
  artifactKey: Guid(898dab6b7cd524ce2807956319a8ca9f) Importer(815301076,1909f56bfc062723c751e8b465ee728b)
Start importing Assets/Tiny RPG Forest/Artwork/sprites/treant/walk/treant-walk-side/treant-walk-side-1.png using Guid(898dab6b7cd524ce2807956319a8ca9f) Importer(815301076,1909f56bfc062723c751e8b465ee728b)  -> (artifact id: 'e2400fb59e838f6d898288df6b5147cb') in 0.012602 seconds
  Import took 0.015757 seconds .

========================================================================
Received Import Request.
  Time since last request: 0.000151 seconds.
  path: Assets/Tiny RPG Forest/Artwork/sprites/treant/idle/treant-idle-front.png
  artifactKey: Guid(06a287cc97cb64df8a11af10f2352365) Importer(815301076,1909f56bfc062723c751e8b465ee728b)
Start importing Assets/Tiny RPG Forest/Artwork/sprites/treant/idle/treant-idle-front.png using Guid(06a287cc97cb64df8a11af10f2352365) Importer(815301076,1909f56bfc062723c751e8b465ee728b)  -> (artifact id: '29a28326a23e8c4ec4109cf917c7cd7d') in 0.012013 seconds
  Import took 0.015322 seconds .

========================================================================
Received Import Request.
  Time since last request: 0.000149 seconds.
  path: Assets/Tiny RPG Forest/Artwork/sprites/treant/walk/treant-walk-back/treant-walk-back-1.png
  artifactKey: Guid(db09a2bfaae954a9cb8b1abab93807bd) Importer(815301076,1909f56bfc062723c751e8b465ee728b)
Start importing Assets/Tiny RPG Forest/Artwork/sprites/treant/walk/treant-walk-back/treant-walk-back-1.png using Guid(db09a2bfaae954a9cb8b1abab93807bd) Importer(815301076,1909f56bfc062723c751e8b465ee728b)  -> (artifact id: '2ef25f0cd5f8e4a13b676bdb43425fa0') in 0.011074 seconds
  Import took 0.014266 seconds .

========================================================================
Received Import Request.
  Time since last request: 0.000152 seconds.
  path: Assets/Tiny RPG Forest/Artwork/sprites/treant/walk/treant-walk-front/treant-walk-front-3.png
  artifactKey: Guid(6297ba741c5194c9b9c4af25d7cef903) Importer(815301076,1909f56bfc062723c751e8b465ee728b)
Start importing Assets/Tiny RPG Forest/Artwork/sprites/treant/walk/treant-walk-front/treant-walk-front-3.png using Guid(6297ba741c5194c9b9c4af25d7cef903) Importer(815301076,1909f56bfc062723c751e8b465ee728b)  -> (artifact id: 'ba93f5f6d4bb8fe4f24fc33421c3d9bd') in 0.011772 seconds
  Import took 0.015160 seconds .

========================================================================
Received Import Request.
  Time since last request: 0.000144 seconds.
  path: Assets/Tiny RPG Forest/Artwork/sprites/treant/idle/treant-idle-back.png
  artifactKey: Guid(b51d18577d0ec4d29b81998d983bd710) Importer(815301076,1909f56bfc062723c751e8b465ee728b)
Start importing Assets/Tiny RPG Forest/Artwork/sprites/treant/idle/treant-idle-back.png using Guid(b51d18577d0ec4d29b81998d983bd710) Importer(815301076,1909f56bfc062723c751e8b465ee728b)  -> (artifact id: '4f88e297e1ddac68d7db727da38e6496') in 0.003847 seconds
  Import took 0.006955 seconds .

========================================================================
Received Import Request.
  Time since last request: 0.000156 seconds.
  path: Assets/Tiny RPG Forest/Artwork/sprites/treant/walk/treant-walk-side/treant-walk-side-2.png
  artifactKey: Guid(fafb79a14577a46f594f04e5635ad8f8) Importer(815301076,1909f56bfc062723c751e8b465ee728b)
Start importing Assets/Tiny RPG Forest/Artwork/sprites/treant/walk/treant-walk-side/treant-walk-side-2.png using Guid(fafb79a14577a46f594f04e5635ad8f8) Importer(815301076,1909f56bfc062723c751e8b465ee728b)  -> (artifact id: 'dade78d45434ffdeeb44f0b738699ce0') in 0.011626 seconds
  Import took 0.014736 seconds .

========================================================================
Received Import Request.
  Time since last request: 0.000154 seconds.
  path: Assets/Tiny RPG Forest/Artwork/sprites/treant/walk/treant-walk-back/treant-walk-back-2.png
  artifactKey: Guid(f14b7cc4c56574a62998ea5000f13357) Importer(815301076,1909f56bfc062723c751e8b465ee728b)
Start importing Assets/Tiny RPG Forest/Artwork/sprites/treant/walk/treant-walk-back/treant-walk-back-2.png using Guid(f14b7cc4c56574a62998ea5000f13357) Importer(815301076,1909f56bfc062723c751e8b465ee728b)  -> (artifact id: '91e761fce38b548fa734d37950c6170b') in 0.011530 seconds
  Import took 0.014846 seconds .

========================================================================
Received Import Request.
  Time since last request: 0.000146 seconds.
  path: Assets/Tiny RPG Forest/Artwork/sprites/treant/walk/treant-walk-back/treant-walk-back-4.png
  artifactKey: Guid(7ee0977da157a4e579386ade0582feee) Importer(815301076,1909f56bfc062723c751e8b465ee728b)
Start importing Assets/Tiny RPG Forest/Artwork/sprites/treant/walk/treant-walk-back/treant-walk-back-4.png using Guid(7ee0977da157a4e579386ade0582feee) Importer(815301076,1909f56bfc062723c751e8b465ee728b)  -> (artifact id: '18bc1bc33b0de33b4ad50ceaaf4e6f32') in 0.010932 seconds
  Import took 0.014039 seconds .

========================================================================
Received Import Request.
  Time since last request: 0.000169 seconds.
  path: Assets/Tiny RPG Forest/Artwork/sprites/treant/walk/treant-walk-front/treant-walk-front-2.png
  artifactKey: Guid(fcacb8ef651174659a7e3e1449b859c8) Importer(815301076,1909f56bfc062723c751e8b465ee728b)
Start importing Assets/Tiny RPG Forest/Artwork/sprites/treant/walk/treant-walk-front/treant-walk-front-2.png using Guid(fcacb8ef651174659a7e3e1449b859c8) Importer(815301076,1909f56bfc062723c751e8b465ee728b)  -> (artifact id: 'a335f307c7f6561928bb79efb0be490f') in 0.011663 seconds
  Import took 0.015230 seconds .

========================================================================
Received Import Request.
  Time since last request: 6.566170 seconds.
  path: Assets/Tiny RPG Forest/Artwork/sprites/mole/walk/mole-walk-side/mole-walk-side-1.png
  artifactKey: Guid(57c38e1609d50490e946ac9bad10eff4) Importer(815301076,1909f56bfc062723c751e8b465ee728b)
Start importing Assets/Tiny RPG Forest/Artwork/sprites/mole/walk/mole-walk-side/mole-walk-side-1.png using Guid(57c38e1609d50490e946ac9bad10eff4) Importer(815301076,1909f56bfc062723c751e8b465ee728b)  -> (artifact id: '8f9bb14976240dd94816017f7a4c2c32') in 0.011948 seconds
  Import took 0.015575 seconds .

========================================================================
Received Import Request.
  Time since last request: 0.000141 seconds.
  path: Assets/Tiny RPG Forest/Artwork/sprites/mole/walk/mole-walk-side/mole-walk-side-2.png
  artifactKey: Guid(88b41e414237343109fe22e4d7457673) Importer(815301076,1909f56bfc062723c751e8b465ee728b)
Start importing Assets/Tiny RPG Forest/Artwork/sprites/mole/walk/mole-walk-side/mole-walk-side-2.png using Guid(88b41e414237343109fe22e4d7457673) Importer(815301076,1909f56bfc062723c751e8b465ee728b)  -> (artifact id: '15503ec1882bd34a2e405f31a507e4bb') in 0.011197 seconds
  Import took 0.014321 seconds .

========================================================================
Received Import Request.
  Time since last request: 0.000142 seconds.
  path: Assets/Tiny RPG Forest/Artwork/sprites/mole/walk/mole-walk-side/mole-walk-side-1.png
  artifactKey: Guid(57c38e1609d50490e946ac9bad10eff4) Importer(815301076,1909f56bfc062723c751e8b465ee728b)
Start importing Assets/Tiny RPG Forest/Artwork/sprites/mole/walk/mole-walk-side/mole-walk-side-1.png using Guid(57c38e1609d50490e946ac9bad10eff4) Importer(815301076,1909f56bfc062723c751e8b465ee728b)  -> (artifact id: '8f9bb14976240dd94816017f7a4c2c32') in 0.004180 seconds
  Import took 0.007229 seconds .

========================================================================
Received Import Request.
  Time since last request: 0.000154 seconds.
  path: Assets/Tiny RPG Forest/Artwork/sprites/mole/walk/mole-walk-side/mole-walk-side-4.png
  artifactKey: Guid(b0bfe85ce27d14e0f9145850e882c694) Importer(815301076,1909f56bfc062723c751e8b465ee728b)
Start importing Assets/Tiny RPG Forest/Artwork/sprites/mole/walk/mole-walk-side/mole-walk-side-4.png using Guid(b0bfe85ce27d14e0f9145850e882c694) Importer(815301076,1909f56bfc062723c751e8b465ee728b)  -> (artifact id: '10ff58e2520f5f7e8ad66ec8ac1a8e8e') in 0.011113 seconds
  Import took 0.014113 seconds .

========================================================================
Received Import Request.
  Time since last request: 0.000152 seconds.
  path: Assets/Tiny RPG Forest/Artwork/sprites/mole/walk/mole-walk-side/mole-walk-side-3.png
  artifactKey: Guid(9ef27b79248164aeaa099fcfe7f35d2c) Importer(815301076,1909f56bfc062723c751e8b465ee728b)
Start importing Assets/Tiny RPG Forest/Artwork/sprites/mole/walk/mole-walk-side/mole-walk-side-3.png using Guid(9ef27b79248164aeaa099fcfe7f35d2c) Importer(815301076,1909f56bfc062723c751e8b465ee728b)  -> (artifact id: 'e9763b2bb057f9f80dc947b4306f60e7') in 0.011828 seconds
  Import took 0.014929 seconds .

========================================================================
Received Import Request.
  Time since last request: 0.000175 seconds.
  path: Assets/Tiny RPG Forest/Artwork/sprites/mole/walk/mole-walk-front/mole-walk-front-3.png
  artifactKey: Guid(3c311fccc1bc3470d85f8915b9df0227) Importer(815301076,1909f56bfc062723c751e8b465ee728b)
Start importing Assets/Tiny RPG Forest/Artwork/sprites/mole/walk/mole-walk-front/mole-walk-front-3.png using Guid(3c311fccc1bc3470d85f8915b9df0227) Importer(815301076,1909f56bfc062723c751e8b465ee728b)  -> (artifact id: 'a46ab83d3086477b8fc285b12433984d') in 0.011411 seconds
  Import took 0.014717 seconds .

========================================================================
Received Import Request.
  Time since last request: 0.000153 seconds.
  path: Assets/Tiny RPG Forest/Artwork/sprites/mole/walk/mole-walk-back/mole-walk-back-3.png
  artifactKey: Guid(40daa6fa617164001a05343550328629) Importer(815301076,1909f56bfc062723c751e8b465ee728b)
Start importing Assets/Tiny RPG Forest/Artwork/sprites/mole/walk/mole-walk-back/mole-walk-back-3.png using Guid(40daa6fa617164001a05343550328629) Importer(815301076,1909f56bfc062723c751e8b465ee728b)  -> (artifact id: '1769afb8ce107039c682db6f1bee5358') in 0.010933 seconds
  Import took 0.014125 seconds .

========================================================================
Received Import Request.
  Time since last request: 0.000130 seconds.
  path: Assets/Tiny RPG Forest/Artwork/sprites/mole/walk/mole-walk-front/mole-walk-front-2.png
  artifactKey: Guid(25f6063510d624f60968b12ef0c47cd7) Importer(815301076,1909f56bfc062723c751e8b465ee728b)
Start importing Assets/Tiny RPG Forest/Artwork/sprites/mole/walk/mole-walk-front/mole-walk-front-2.png using Guid(25f6063510d624f60968b12ef0c47cd7) Importer(815301076,1909f56bfc062723c751e8b465ee728b)  -> (artifact id: '2d5511068e20d6d72337c7e954eb472a') in 0.011230 seconds
  Import took 0.014355 seconds .

========================================================================
Received Import Request.
  Time since last request: 0.000142 seconds.
  path: Assets/Tiny RPG Forest/Artwork/sprites/mole/walk/mole-walk-back/mole-walk-back-2.png
  artifactKey: Guid(75fafb449cfe64629a4ff0e8f01361ca) Importer(815301076,1909f56bfc062723c751e8b465ee728b)
Start importing Assets/Tiny RPG Forest/Artwork/sprites/mole/walk/mole-walk-back/mole-walk-back-2.png using Guid(75fafb449cfe64629a4ff0e8f01361ca) Importer(815301076,1909f56bfc062723c751e8b465ee728b)  -> (artifact id: 'fb92069ba35489eac90b6bdd353699bf') in 0.010879 seconds
  Import took 0.014009 seconds .

========================================================================
Received Import Request.
  Time since last request: 0.000178 seconds.
  path: Assets/Tiny RPG Forest/Artwork/sprites/mole/walk/mole-walk-front/mole-walk-front-1.png
  artifactKey: Guid(9261801f4828c4a64962dd95cd07d553) Importer(815301076,1909f56bfc062723c751e8b465ee728b)
Start importing Assets/Tiny RPG Forest/Artwork/sprites/mole/walk/mole-walk-front/mole-walk-front-1.png using Guid(9261801f4828c4a64962dd95cd07d553) Importer(815301076,1909f56bfc062723c751e8b465ee728b)  -> (artifact id: '45c93fdbceff0ba8dc73fea77d974c3f') in 0.012689 seconds
  Import took 0.016416 seconds .

========================================================================
Received Import Request.
  Time since last request: 0.000134 seconds.
  path: Assets/Tiny RPG Forest/Artwork/sprites/mole/walk/mole-walk-front/mole-walk-front-4.png
  artifactKey: Guid(011420257b30442eda09d13513883885) Importer(815301076,1909f56bfc062723c751e8b465ee728b)
Start importing Assets/Tiny RPG Forest/Artwork/sprites/mole/walk/mole-walk-front/mole-walk-front-4.png using Guid(011420257b30442eda09d13513883885) Importer(815301076,1909f56bfc062723c751e8b465ee728b)  -> (artifact id: '7666e4ccb681446b0b2fab8bc97ec871') in 0.010508 seconds
  Import took 0.013606 seconds .

========================================================================
Received Import Request.
  Time since last request: 0.000162 seconds.
  path: Assets/Tiny RPG Forest/Artwork/sprites/mole/walk/mole-walk-back/mole-walk-back-4.png
  artifactKey: Guid(612abb27e78f6451e9cbe4355b2548ac) Importer(815301076,1909f56bfc062723c751e8b465ee728b)
Start importing Assets/Tiny RPG Forest/Artwork/sprites/mole/walk/mole-walk-back/mole-walk-back-4.png using Guid(612abb27e78f6451e9cbe4355b2548ac) Importer(815301076,1909f56bfc062723c751e8b465ee728b)  -> (artifact id: 'db134ab7fd6803d57703b05e9c44bf07') in 0.010856 seconds
  Import took 0.014356 seconds .

========================================================================
Received Import Request.
  Time since last request: 1.033279 seconds.
  path: Assets/Tiny RPG Forest/Artwork/sprites/mole/idle/mole-idle-back.png
  artifactKey: Guid(c5ab53f1aba4f405b838d610445575ff) Importer(815301076,1909f56bfc062723c751e8b465ee728b)
Start importing Assets/Tiny RPG Forest/Artwork/sprites/mole/idle/mole-idle-back.png using Guid(c5ab53f1aba4f405b838d610445575ff) Importer(815301076,1909f56bfc062723c751e8b465ee728b)  -> (artifact id: '48c2240eca8dda126a9ed2e00108d32a') in 0.123089 seconds
  Import took 0.126741 seconds .

========================================================================
Received Import Request.
  Time since last request: 0.000145 seconds.
  path: Assets/Tiny RPG Forest/Artwork/sprites/mole/walk/mole-walk-back/mole-walk-back-1.png
  artifactKey: Guid(74e87f172e20d4e2395c7cc5c70f5431) Importer(815301076,1909f56bfc062723c751e8b465ee728b)
Start importing Assets/Tiny RPG Forest/Artwork/sprites/mole/walk/mole-walk-back/mole-walk-back-1.png using Guid(74e87f172e20d4e2395c7cc5c70f5431) Importer(815301076,1909f56bfc062723c751e8b465ee728b)  -> (artifact id: '8d896a638d410f25e88cefe7ed4287b2') in 0.012175 seconds
  Import took 0.015371 seconds .

========================================================================
Received Import Request.
  Time since last request: 0.000163 seconds.
  path: Assets/Tiny RPG Forest/Artwork/sprites/mole/idle/mole-idle-side.png
  artifactKey: Guid(a52d43b4ff4dc4dfb99b796681f175fb) Importer(815301076,1909f56bfc062723c751e8b465ee728b)
Start importing Assets/Tiny RPG Forest/Artwork/sprites/mole/idle/mole-idle-side.png using Guid(a52d43b4ff4dc4dfb99b796681f175fb) Importer(815301076,1909f56bfc062723c751e8b465ee728b)  -> (artifact id: '8387abd3481ce7568f4cbfa4deb60bde') in 0.011330 seconds
  Import took 0.014810 seconds .

========================================================================
Received Import Request.
  Time since last request: 0.000161 seconds.
  path: Assets/Tiny RPG Forest/Artwork/sprites/mole/idle/mole-idle-front.png
  artifactKey: Guid(7cefe9e9e8c984bbd9ff43235be8f54f) Importer(815301076,1909f56bfc062723c751e8b465ee728b)
Start importing Assets/Tiny RPG Forest/Artwork/sprites/mole/idle/mole-idle-front.png using Guid(7cefe9e9e8c984bbd9ff43235be8f54f) Importer(815301076,1909f56bfc062723c751e8b465ee728b)  -> (artifact id: '8240e92402372002c5ff3c82147d809f') in 0.011886 seconds
  Import took 0.015062 seconds .

========================================================================
Received Import Request.
  Time since last request: 0.036559 seconds.
  path: Assets/Tiny RPG Forest/Artwork/sprites/hero/attack-weapon/hero-attack-side/hero-attack-side-weapon-1.png
  artifactKey: Guid(06aae4ddb038e4d5db20cbfa9674d4ca) Importer(815301076,1909f56bfc062723c751e8b465ee728b)
Start importing Assets/Tiny RPG Forest/Artwork/sprites/hero/attack-weapon/hero-attack-side/hero-attack-side-weapon-1.png using Guid(06aae4ddb038e4d5db20cbfa9674d4ca) Importer(815301076,1909f56bfc062723c751e8b465ee728b)  -> (artifact id: 'eefce2631480855de7da4915bb80daac') in 0.013147 seconds
  Import took 0.016790 seconds .

========================================================================
Received Import Request.
  Time since last request: 0.000153 seconds.
  path: Assets/Tiny RPG Forest/Artwork/sprites/hero/idle/hero-idle-side/hero-idle-side.png
  artifactKey: Guid(21ae12909dfa64464820da55fc494021) Importer(815301076,1909f56bfc062723c751e8b465ee728b)
Start importing Assets/Tiny RPG Forest/Artwork/sprites/hero/idle/hero-idle-side/hero-idle-side.png using Guid(21ae12909dfa64464820da55fc494021) Importer(815301076,1909f56bfc062723c751e8b465ee728b)  -> (artifact id: 'c9682d4829c08bd82f683828b05f8d86') in 0.012897 seconds
  Import took 0.016038 seconds .

========================================================================
Received Import Request.
  Time since last request: 0.000181 seconds.
  path: Assets/Tiny RPG Forest/Artwork/sprites/hero/attack-weapon/hero-attack-side/hero-attack-side-weapon-3.png
  artifactKey: Guid(94f37dc86c80b4bbcb69aa5196138416) Importer(815301076,1909f56bfc062723c751e8b465ee728b)
Start importing Assets/Tiny RPG Forest/Artwork/sprites/hero/attack-weapon/hero-attack-side/hero-attack-side-weapon-3.png using Guid(94f37dc86c80b4bbcb69aa5196138416) Importer(815301076,1909f56bfc062723c751e8b465ee728b)  -> (artifact id: '3c8389d53cfa2cc9c916e9ab7035fdcb') in 0.013615 seconds
  Import took 0.017156 seconds .

========================================================================
Received Import Request.
  Time since last request: 0.000147 seconds.
  path: Assets/Tiny RPG Forest/Artwork/sprites/hero/attack-weapon/hero-attack-side/hero-attack-side-weapon-2.png
  artifactKey: Guid(431ab203426d64ed7acac3c93c98b22d) Importer(815301076,1909f56bfc062723c751e8b465ee728b)
Start importing Assets/Tiny RPG Forest/Artwork/sprites/hero/attack-weapon/hero-attack-side/hero-attack-side-weapon-2.png using Guid(431ab203426d64ed7acac3c93c98b22d) Importer(815301076,1909f56bfc062723c751e8b465ee728b)  -> (artifact id: '976fbdad9252581e25c8d43537eded0b') in 0.012676 seconds
  Import took 0.015961 seconds .

========================================================================
Received Import Request.
  Time since last request: 0.000151 seconds.
  path: Assets/Tiny RPG Forest/Artwork/sprites/hero/attack-weapon/hero-attack-side/hero-attack-side-weapon-1.png
  artifactKey: Guid(06aae4ddb038e4d5db20cbfa9674d4ca) Importer(815301076,1909f56bfc062723c751e8b465ee728b)
Start importing Assets/Tiny RPG Forest/Artwork/sprites/hero/attack-weapon/hero-attack-side/hero-attack-side-weapon-1.png using Guid(06aae4ddb038e4d5db20cbfa9674d4ca) Importer(815301076,1909f56bfc062723c751e8b465ee728b)  -> (artifact id: 'eefce2631480855de7da4915bb80daac') in 0.004169 seconds
  Import took 0.007303 seconds .

========================================================================
Received Import Request.
  Time since last request: 0.003986 seconds.
  path: Assets/Tiny RPG Forest/Artwork/sprites/hero/attack/hero-attack-front/hero-attack-front-3.png
  artifactKey: Guid(3bad3ce222de4482aae3c99a99cdf964) Importer(815301076,1909f56bfc062723c751e8b465ee728b)
Start importing Assets/Tiny RPG Forest/Artwork/sprites/hero/attack/hero-attack-front/hero-attack-front-3.png using Guid(3bad3ce222de4482aae3c99a99cdf964) Importer(815301076,1909f56bfc062723c751e8b465ee728b)  -> (artifact id: '06f233a093b137eb4ae8dcf278ed40ff') in 0.013941 seconds
  Import took 0.017613 seconds .

========================================================================
Received Import Request.
  Time since last request: 0.000146 seconds.
  path: Assets/Tiny RPG Forest/Artwork/sprites/hero/attack/hero-attack-side/hero-attack-side-2.png
  artifactKey: Guid(461602cf177724a5b9780734e1f408fb) Importer(815301076,1909f56bfc062723c751e8b465ee728b)
Start importing Assets/Tiny RPG Forest/Artwork/sprites/hero/attack/hero-attack-side/hero-attack-side-2.png using Guid(461602cf177724a5b9780734e1f408fb) Importer(815301076,1909f56bfc062723c751e8b465ee728b)  -> (artifact id: '26771b38c19df451b62e04cd3bb1a09d') in 0.011216 seconds
  Import took 0.014345 seconds .

========================================================================
Received Import Request.
  Time since last request: 0.000176 seconds.
  path: Assets/Tiny RPG Forest/Artwork/sprites/hero/attack/hero-attack-side/hero-attack-side-1.png
  artifactKey: Guid(ba299c80d09de4d4696f394e503ac933) Importer(815301076,1909f56bfc062723c751e8b465ee728b)
Start importing Assets/Tiny RPG Forest/Artwork/sprites/hero/attack/hero-attack-side/hero-attack-side-1.png using Guid(ba299c80d09de4d4696f394e503ac933) Importer(815301076,1909f56bfc062723c751e8b465ee728b)  -> (artifact id: '861e634dae4f3aab4c3f03c412c0416b') in 0.012052 seconds
  Import took 0.015865 seconds .

========================================================================
Received Import Request.
  Time since last request: 0.000199 seconds.
  path: Assets/Tiny RPG Forest/Artwork/sprites/hero/attack-weapon/hero-attack-front/hero-attack-front-weapon-1.png
  artifactKey: Guid(d3fc86e87ed624cd4b99f41839d07872) Importer(815301076,1909f56bfc062723c751e8b465ee728b)
Start importing Assets/Tiny RPG Forest/Artwork/sprites/hero/attack-weapon/hero-attack-front/hero-attack-front-weapon-1.png using Guid(d3fc86e87ed624cd4b99f41839d07872) Importer(815301076,1909f56bfc062723c751e8b465ee728b)  -> (artifact id: '6dd2c761ccdbc5821c0097d71c27a581') in 0.012164 seconds
  Import took 0.015833 seconds .

========================================================================
Received Import Request.
  Time since last request: 0.000155 seconds.
  path: Assets/Tiny RPG Forest/Artwork/sprites/hero/attack/hero-attack-side/hero-attack-side-3.png
  artifactKey: Guid(afcfb31c2e79f4edcacff6d2ae846b1e) Importer(815301076,1909f56bfc062723c751e8b465ee728b)
Start importing Assets/Tiny RPG Forest/Artwork/sprites/hero/attack/hero-attack-side/hero-attack-side-3.png using Guid(afcfb31c2e79f4edcacff6d2ae846b1e) Importer(815301076,1909f56bfc062723c751e8b465ee728b)  -> (artifact id: '7d0f73f1f625b7be96112735e146b11a') in 0.012303 seconds
  Import took 0.015535 seconds .

========================================================================
Received Import Request.
  Time since last request: 0.000133 seconds.
  path: Assets/Tiny RPG Forest/Artwork/sprites/hero/attack-weapon/hero-attack-front/hero-attack-front-weapon-3.png
  artifactKey: Guid(79e8ab09581164230b48e34a040d92ef) Importer(815301076,1909f56bfc062723c751e8b465ee728b)
Start importing Assets/Tiny RPG Forest/Artwork/sprites/hero/attack-weapon/hero-attack-front/hero-attack-front-weapon-3.png using Guid(79e8ab09581164230b48e34a040d92ef) Importer(815301076,1909f56bfc062723c751e8b465ee728b)  -> (artifact id: '6a6b76e7674bdc494040e520a4257f23') in 0.011431 seconds
  Import took 0.014744 seconds .

========================================================================
Received Import Request.
  Time since last request: 0.000138 seconds.
  path: Assets/Tiny RPG Forest/Artwork/sprites/hero/attack-weapon/hero-attack-front/hero-attack-front-weapon-2.png
  artifactKey: Guid(0e983ad8fc7bd4f4187c33223f6b784c) Importer(815301076,1909f56bfc062723c751e8b465ee728b)
Start importing Assets/Tiny RPG Forest/Artwork/sprites/hero/attack-weapon/hero-attack-front/hero-attack-front-weapon-2.png using Guid(0e983ad8fc7bd4f4187c33223f6b784c) Importer(815301076,1909f56bfc062723c751e8b465ee728b)  -> (artifact id: 'd45c5621c94231eb4df3955c865dfe74') in 0.011426 seconds
  Import took 0.014587 seconds .

========================================================================
Received Import Request.
  Time since last request: 0.000147 seconds.
  path: Assets/Tiny RPG Forest/Artwork/sprites/hero/attack/hero-attack-back/hero-attack-back-3.png
  artifactKey: Guid(7185c97541acf4a909caef9a87fb3941) Importer(815301076,1909f56bfc062723c751e8b465ee728b)
Start importing Assets/Tiny RPG Forest/Artwork/sprites/hero/attack/hero-attack-back/hero-attack-back-3.png using Guid(7185c97541acf4a909caef9a87fb3941) Importer(815301076,1909f56bfc062723c751e8b465ee728b)  -> (artifact id: '09abf5d937cb5b494f425e4be0b0a2f5') in 0.011536 seconds
  Import took 0.014758 seconds .

========================================================================
Received Import Request.
  Time since last request: 0.000175 seconds.
  path: Assets/Tiny RPG Forest/Artwork/sprites/hero/attack-weapon/hero-attack-back/hero-attack-back-weapon-2.png
  artifactKey: Guid(8d495247644fb40b5972c92de8b601e9) Importer(815301076,1909f56bfc062723c751e8b465ee728b)
Start importing Assets/Tiny RPG Forest/Artwork/sprites/hero/attack-weapon/hero-attack-back/hero-attack-back-weapon-2.png using Guid(8d495247644fb40b5972c92de8b601e9) Importer(815301076,1909f56bfc062723c751e8b465ee728b)  -> (artifact id: 'e82e928de6635c82a15ed0d32255e794') in 0.012674 seconds
  Import took 0.016242 seconds .

========================================================================
Received Import Request.
  Time since last request: 0.000158 seconds.
  path: Assets/Tiny RPG Forest/Artwork/sprites/hero/attack-weapon/hero-attack-back/hero-attack-back-weapon-3.png
  artifactKey: Guid(afa49c1c777bc41729512b54c7cffb6a) Importer(815301076,1909f56bfc062723c751e8b465ee728b)
Start importing Assets/Tiny RPG Forest/Artwork/sprites/hero/attack-weapon/hero-attack-back/hero-attack-back-weapon-3.png using Guid(afa49c1c777bc41729512b54c7cffb6a) Importer(815301076,1909f56bfc062723c751e8b465ee728b)  -> (artifact id: '7bc188177e1d9ef4fc7d583c68f06480') in 0.011352 seconds
  Import took 0.014538 seconds .

========================================================================
Received Import Request.
  Time since last request: 0.000145 seconds.
  path: Assets/Tiny RPG Forest/Artwork/sprites/hero/attack/hero-attack-back/hero-attack-back-2.png
  artifactKey: Guid(af44b838e74a6481b8e4c615bdbdd0af) Importer(815301076,1909f56bfc062723c751e8b465ee728b)
Start importing Assets/Tiny RPG Forest/Artwork/sprites/hero/attack/hero-attack-back/hero-attack-back-2.png using Guid(af44b838e74a6481b8e4c615bdbdd0af) Importer(815301076,1909f56bfc062723c751e8b465ee728b)  -> (artifact id: '7137a68fb89d4c461c73c3b37a146d28') in 0.010384 seconds
  Import took 0.013447 seconds .

========================================================================
Received Import Request.
  Time since last request: 0.000135 seconds.
  path: Assets/Tiny RPG Forest/Artwork/sprites/hero/attack-weapon/hero-attack-back/hero-attack-back-weapon-1.png
  artifactKey: Guid(ffed433e735f44a99b90ef2bcb4119c7) Importer(815301076,1909f56bfc062723c751e8b465ee728b)
Start importing Assets/Tiny RPG Forest/Artwork/sprites/hero/attack-weapon/hero-attack-back/hero-attack-back-weapon-1.png using Guid(ffed433e735f44a99b90ef2bcb4119c7) Importer(815301076,1909f56bfc062723c751e8b465ee728b)  -> (artifact id: '5df64e45220b018903f199b555fe4f6d') in 0.011887 seconds
  Import took 0.015056 seconds .

========================================================================
Received Import Request.
  Time since last request: 0.000168 seconds.
  path: Assets/Tiny RPG Forest/Artwork/sprites/hero/attack/hero-attack-front/hero-attack-front-2.png
  artifactKey: Guid(eef3b797d962d47419f4db6cf5144059) Importer(815301076,1909f56bfc062723c751e8b465ee728b)
Start importing Assets/Tiny RPG Forest/Artwork/sprites/hero/attack/hero-attack-front/hero-attack-front-2.png using Guid(eef3b797d962d47419f4db6cf5144059) Importer(815301076,1909f56bfc062723c751e8b465ee728b)  -> (artifact id: 'f7262d4f05ab7566bead6810c533a007') in 0.010873 seconds
  Import took 0.014476 seconds .

========================================================================
Received Import Request.
  Time since last request: 0.000188 seconds.
  path: Assets/Tiny RPG Forest/Artwork/sprites/hero/attack/hero-attack-front/hero-attack-front-1.png
  artifactKey: Guid(3fee1b456a31145079dfa677bd981ed4) Importer(815301076,1909f56bfc062723c751e8b465ee728b)
Start importing Assets/Tiny RPG Forest/Artwork/sprites/hero/attack/hero-attack-front/hero-attack-front-1.png using Guid(3fee1b456a31145079dfa677bd981ed4) Importer(815301076,1909f56bfc062723c751e8b465ee728b)  -> (artifact id: 'df35faed30dc73f44769917710a31eb2') in 0.011661 seconds
  Import took 0.015109 seconds .

========================================================================
Received Import Request.
  Time since last request: 0.171309 seconds.
  path: Assets/Tiny RPG Forest/Artwork/sprites/misc/gem/gem-1.png
  artifactKey: Guid(d1c1523651c71449cb32c2c7933acf8c) Importer(815301076,1909f56bfc062723c751e8b465ee728b)
Start importing Assets/Tiny RPG Forest/Artwork/sprites/misc/gem/gem-1.png using Guid(d1c1523651c71449cb32c2c7933acf8c) Importer(815301076,1909f56bfc062723c751e8b465ee728b)  -> (artifact id: '5a7faff24ab8366a80be331ba2496302') in 0.012972 seconds
  Import took 0.016616 seconds .

========================================================================
Received Import Request.
  Time since last request: 0.000161 seconds.
  path: Assets/Tiny RPG Forest/Artwork/sprites/misc/gem/gem-4.png
  artifactKey: Guid(c43e5b8489c04479bafe8967422f3abb) Importer(815301076,1909f56bfc062723c751e8b465ee728b)
Start importing Assets/Tiny RPG Forest/Artwork/sprites/misc/gem/gem-4.png using Guid(c43e5b8489c04479bafe8967422f3abb) Importer(815301076,1909f56bfc062723c751e8b465ee728b)  -> (artifact id: '3ace337abeb931e27c3403af93bbed95') in 0.011341 seconds
  Import took 0.014558 seconds .

========================================================================
Received Import Request.
  Time since last request: 0.000164 seconds.
  path: Assets/Tiny RPG Forest/Artwork/sprites/misc/gem/gem-3.png
  artifactKey: Guid(5bfad33111cd74875afe141dc1db8c66) Importer(815301076,1909f56bfc062723c751e8b465ee728b)
Start importing Assets/Tiny RPG Forest/Artwork/sprites/misc/gem/gem-3.png using Guid(5bfad33111cd74875afe141dc1db8c66) Importer(815301076,1909f56bfc062723c751e8b465ee728b)  -> (artifact id: '935206a0b928543af26361b3b6e53657') in 0.011506 seconds
  Import took 0.014639 seconds .

========================================================================
Received Import Request.
  Time since last request: 0.000166 seconds.
  path: Assets/Tiny RPG Forest/Artwork/sprites/misc/hearts/hearts-2.png
  artifactKey: Guid(af1d44c8d77c341869dcdb0b63c5cff8) Importer(815301076,1909f56bfc062723c751e8b465ee728b)
Start importing Assets/Tiny RPG Forest/Artwork/sprites/misc/hearts/hearts-2.png using Guid(af1d44c8d77c341869dcdb0b63c5cff8) Importer(815301076,1909f56bfc062723c751e8b465ee728b)  -> (artifact id: '2f06203ec23196c938432acab106ea5f') in 0.012392 seconds
  Import took 0.015926 seconds .

========================================================================
Received Import Request.
  Time since last request: 0.000152 seconds.
  path: Assets/Tiny RPG Forest/Artwork/sprites/misc/hearts/hearts-1.png
  artifactKey: Guid(8f03d65eca65243d0963f648c2e9824a) Importer(815301076,1909f56bfc062723c751e8b465ee728b)
Start importing Assets/Tiny RPG Forest/Artwork/sprites/misc/hearts/hearts-1.png using Guid(8f03d65eca65243d0963f648c2e9824a) Importer(815301076,1909f56bfc062723c751e8b465ee728b)  -> (artifact id: 'bbb9acfee56236719c882f32e8189c11') in 0.012006 seconds
  Import took 0.015136 seconds .

========================================================================
Received Import Request.
  Time since last request: 0.000149 seconds.
  path: Assets/Tiny RPG Forest/Artwork/sprites/misc/enemy-death/enemy-death-4.png
  artifactKey: Guid(37a2d4b7807fb4089a452e9a68acc935) Importer(815301076,1909f56bfc062723c751e8b465ee728b)
Start importing Assets/Tiny RPG Forest/Artwork/sprites/misc/enemy-death/enemy-death-4.png using Guid(37a2d4b7807fb4089a452e9a68acc935) Importer(815301076,1909f56bfc062723c751e8b465ee728b)  -> (artifact id: 'f7b17b84beda099ecba1c5d3c0e08aee') in 0.015220 seconds
  Import took 0.018370 seconds .

========================================================================
Received Import Request.
  Time since last request: 0.000144 seconds.
  path: Assets/Tiny RPG Forest/Artwork/sprites/misc/enemy-death/enemy-death-2.png
  artifactKey: Guid(251925328a35b4b1f86bc7bfc46ba9a3) Importer(815301076,1909f56bfc062723c751e8b465ee728b)
Start importing Assets/Tiny RPG Forest/Artwork/sprites/misc/enemy-death/enemy-death-2.png using Guid(251925328a35b4b1f86bc7bfc46ba9a3) Importer(815301076,1909f56bfc062723c751e8b465ee728b)  -> (artifact id: '20f4e87f842ee9a6f3f425bac59135f5') in 0.011578 seconds
  Import took 0.014700 seconds .

========================================================================
Received Import Request.
  Time since last request: 0.000162 seconds.
  path: Assets/Tiny RPG Forest/Artwork/sprites/misc/coin/coin-3.png
  artifactKey: Guid(a1938ef5e3ea44afd9b1ca7a23b8f39f) Importer(815301076,1909f56bfc062723c751e8b465ee728b)
Start importing Assets/Tiny RPG Forest/Artwork/sprites/misc/coin/coin-3.png using Guid(a1938ef5e3ea44afd9b1ca7a23b8f39f) Importer(815301076,1909f56bfc062723c751e8b465ee728b)  -> (artifact id: 'b5d81737845f25256aa47f06e5759d69') in 0.011805 seconds
  Import took 0.014880 seconds .

========================================================================
Received Import Request.
  Time since last request: 0.000168 seconds.
  path: Assets/Tiny RPG Forest/Artwork/sprites/misc/enemy-death/enemy-death-6.png
  artifactKey: Guid(071c2f3c390094fbe96e77d4670007d0) Importer(815301076,1909f56bfc062723c751e8b465ee728b)
Start importing Assets/Tiny RPG Forest/Artwork/sprites/misc/enemy-death/enemy-death-6.png using Guid(071c2f3c390094fbe96e77d4670007d0) Importer(815301076,1909f56bfc062723c751e8b465ee728b)  -> (artifact id: '4eb106ac750e435b31f8c381ddfbd8ea') in 0.015857 seconds
  Import took 0.018947 seconds .

========================================================================
Received Import Request.
  Time since last request: 0.000157 seconds.
  path: Assets/Tiny RPG Forest/Artwork/sprites/misc/coin/coin-1.png
  artifactKey: Guid(03b3b03d94fe64ca991436d28accda10) Importer(815301076,1909f56bfc062723c751e8b465ee728b)
Start importing Assets/Tiny RPG Forest/Artwork/sprites/misc/coin/coin-1.png using Guid(03b3b03d94fe64ca991436d28accda10) Importer(815301076,1909f56bfc062723c751e8b465ee728b)  -> (artifact id: 'b9a5b4bab0f78aa5cf4261c516a3c5f2') in 0.011385 seconds
  Import took 0.014518 seconds .

========================================================================
Received Import Request.
  Time since last request: 0.000134 seconds.
  path: Assets/Tiny RPG Forest/Artwork/sprites/misc/enemy-death/enemy-death-5.png
  artifactKey: Guid(53a1842734d514cbaa3c63fb01b8a2e5) Importer(815301076,1909f56bfc062723c751e8b465ee728b)
Start importing Assets/Tiny RPG Forest/Artwork/sprites/misc/enemy-death/enemy-death-5.png using Guid(53a1842734d514cbaa3c63fb01b8a2e5) Importer(815301076,1909f56bfc062723c751e8b465ee728b)  -> (artifact id: '41e4329fad4c1c02f25818e140067d78') in 0.010605 seconds
  Import took 0.013898 seconds .

========================================================================
Received Import Request.
  Time since last request: 0.000134 seconds.
  path: Assets/Tiny RPG Forest/Artwork/sprites/misc/coin/coin-4.png
  artifactKey: Guid(601ee6102f54d41e9908ba8c8ade2173) Importer(815301076,1909f56bfc062723c751e8b465ee728b)
Start importing Assets/Tiny RPG Forest/Artwork/sprites/misc/coin/coin-4.png using Guid(601ee6102f54d41e9908ba8c8ade2173) Importer(815301076,1909f56bfc062723c751e8b465ee728b)  -> (artifact id: '4120986d0b08200669f80afc95e721ca') in 0.012937 seconds
  Import took 0.016443 seconds .

========================================================================
Received Import Request.
  Time since last request: 0.000171 seconds.
  path: Assets/Tiny RPG Forest/Artwork/sprites/misc/enemy-death/enemy-death-3.png
  artifactKey: Guid(39863dd113769499488ded9f37cd3ef4) Importer(815301076,1909f56bfc062723c751e8b465ee728b)
Start importing Assets/Tiny RPG Forest/Artwork/sprites/misc/enemy-death/enemy-death-3.png using Guid(39863dd113769499488ded9f37cd3ef4) Importer(815301076,1909f56bfc062723c751e8b465ee728b)  -> (artifact id: '1f81df1a2359ef8612bbc9b09eb6f356') in 0.011154 seconds
  Import took 0.014386 seconds .

========================================================================
Received Import Request.
  Time since last request: 0.000141 seconds.
  path: Assets/Tiny RPG Forest/Artwork/sprites/misc/enemy-death/enemy-death-1.png
  artifactKey: Guid(56acb1bfd0b1049e89df9be859dc3615) Importer(815301076,1909f56bfc062723c751e8b465ee728b)
Start importing Assets/Tiny RPG Forest/Artwork/sprites/misc/enemy-death/enemy-death-1.png using Guid(56acb1bfd0b1049e89df9be859dc3615) Importer(815301076,1909f56bfc062723c751e8b465ee728b)  -> (artifact id: 'e11d53028651d46d70b2a16c20fa4e0b') in 0.017000 seconds
  Import took 0.020260 seconds .

========================================================================
Received Import Request.
  Time since last request: 0.000167 seconds.
  path: Assets/Tiny RPG Forest/Artwork/sprites/hero/attack/hero-attack-back/hero-attack-back-1.png
  artifactKey: Guid(269bf255a0807467391905647741fd6d) Importer(815301076,1909f56bfc062723c751e8b465ee728b)
Start importing Assets/Tiny RPG Forest/Artwork/sprites/hero/attack/hero-attack-back/hero-attack-back-1.png using Guid(269bf255a0807467391905647741fd6d) Importer(815301076,1909f56bfc062723c751e8b465ee728b)  -> (artifact id: 'cbf6b8c39876bf894125600802464070') in 0.011448 seconds
  Import took 0.014603 seconds .

========================================================================
Received Import Request.
  Time since last request: 0.000159 seconds.
  path: Assets/Tiny RPG Forest/Artwork/sprites/misc/coin/coin-2.png
  artifactKey: Guid(bff474feb3ed041f0abe9d1ec39e3b73) Importer(815301076,1909f56bfc062723c751e8b465ee728b)
Start importing Assets/Tiny RPG Forest/Artwork/sprites/misc/coin/coin-2.png using Guid(bff474feb3ed041f0abe9d1ec39e3b73) Importer(815301076,1909f56bfc062723c751e8b465ee728b)  -> (artifact id: '0fb6c12269563f8e023e9385f06c1a4b') in 0.011215 seconds
  Import took 0.014609 seconds .

========================================================================
Received Import Request.
  Time since last request: 0.000167 seconds.
  path: Assets/Tiny RPG Forest/Artwork/sprites/misc/gem/gem-2.png
  artifactKey: Guid(0cf9bf4506ad5439987f6fdb1805dcc2) Importer(815301076,1909f56bfc062723c751e8b465ee728b)
Start importing Assets/Tiny RPG Forest/Artwork/sprites/misc/gem/gem-2.png using Guid(0cf9bf4506ad5439987f6fdb1805dcc2) Importer(815301076,1909f56bfc062723c751e8b465ee728b)  -> (artifact id: '477e1ed88942fc07a733c0dba37340ae') in 0.015886 seconds
  Import took 0.019484 seconds .

========================================================================
Received Prepare
Registering precompiled user dll's ...
Registered in 0.002404 seconds.
Begin MonoManager ReloadAssembly
Native extension for WindowsStandalone target not found
Native extension for WebGL target not found
Refreshing native plugins compatible for Editor in 1.09 ms, found 2 plugins.
Preloading 0 native plugins for Editor in 0.00 ms.
Mono: successfully reloaded assembly
- Completed reload, in  0.829 seconds
Platform modules already initialized, skipping
Shader 'Universal Render Pipeline/Particles/Lit': fallback shader 'Universal Render Pipeline/Particles/SimpleLit' not found
Shader 'Universal Render Pipeline/Particles/Lit': fallback shader 'Universal Render Pipeline/Particles/SimpleLit' not found
Refreshing native plugins compatible for Editor in 0.57 ms, found 2 plugins.
Preloading 0 native plugins for Editor in 0.00 ms.
Unloading 2665 Unused Serialized files (Serialized files now loaded: 0)
System memory in use before: 122.6 MB.
System memory in use after: 119.8 MB.

Unloading 49 unused Assets to reduce memory usage. Loaded Objects now: 3169.
Total: 3.144600 ms (FindLiveObjects: 0.262400 ms CreateObjectMapping: 0.059000 ms MarkObjects: 1.740700 ms  DeleteObjects: 1.081300 ms)

========================================================================
Received Prepare
Registering precompiled user dll's ...
Registered in 0.002402 seconds.
Begin MonoManager ReloadAssembly
Native extension for WindowsStandalone target not found
Native extension for WebGL target not found
Refreshing native plugins compatible for Editor in 0.60 ms, found 2 plugins.
Preloading 0 native plugins for Editor in 0.00 ms.
Mono: successfully reloaded assembly
- Completed reload, in  0.836 seconds
Platform modules already initialized, skipping
Shader 'Universal Render Pipeline/Particles/Lit': fallback shader 'Universal Render Pipeline/Particles/SimpleLit' not found
Shader 'Universal Render Pipeline/Particles/Lit': fallback shader 'Universal Render Pipeline/Particles/SimpleLit' not found
Refreshing native plugins compatible for Editor in 0.61 ms, found 2 plugins.
Preloading 0 native plugins for Editor in 0.00 ms.
Unloading 2678 Unused Serialized files (Serialized files now loaded: 0)
System memory in use before: 124.6 MB.
System memory in use after: 121.2 MB.

Unloading 62 unused Assets to reduce memory usage. Loaded Objects now: 3172.
Total: 3.602900 ms (FindLiveObjects: 0.253800 ms CreateObjectMapping: 0.065000 ms MarkObjects: 1.709100 ms  DeleteObjects: 1.573900 ms)

========================================================================
Received Import Request.
  Time since last request: 322.575643 seconds.
  path: Assets/Gradients
  artifactKey: Guid(e9942e5986a209443980ca99a29edb63) Importer(815301076,1909f56bfc062723c751e8b465ee728b)
Start importing Assets/Gradients using Guid(e9942e5986a209443980ca99a29edb63) Importer(815301076,1909f56bfc062723c751e8b465ee728b)  -> (artifact id: '50206b582a9033dac4ca2db5f577eb02') in 0.007439 seconds
  Import took 0.011068 seconds .

========================================================================
Received Import Request.
  Time since last request: 18.241708 seconds.
  path: Assets/Gradients/New TMP Color Gradient.asset
  artifactKey: Guid(2fee972188637f54396d3da792e56f99) Importer(815301076,1909f56bfc062723c751e8b465ee728b)
Start importing Assets/Gradients/New TMP Color Gradient.asset using Guid(2fee972188637f54396d3da792e56f99) Importer(815301076,1909f56bfc062723c751e8b465ee728b)  -> (artifact id: '7cc3e062e6e1e9d6e86deaebd2cee982') in 0.016274 seconds
  Import took 0.019874 seconds .

========================================================================
Received Import Request.
  Time since last request: 9.316769 seconds.
  path: Assets/Gradients/Start.asset
  artifactKey: Guid(2fee972188637f54396d3da792e56f99) Importer(815301076,1909f56bfc062723c751e8b465ee728b)
Start importing Assets/Gradients/Start.asset using Guid(2fee972188637f54396d3da792e56f99) Importer(815301076,1909f56bfc062723c751e8b465ee728b)  -> (artifact id: 'e9a4693ee46d69a7bc71b72d160b4d26') in 0.005600 seconds
  Import took 0.009252 seconds .

========================================================================
Received Import Request.
  Time since last request: 0.011295 seconds.
  path: Assets/Gradients/Start.asset
  artifactKey: Guid(2fee972188637f54396d3da792e56f99) Importer(815301076,1909f56bfc062723c751e8b465ee728b)
Start importing Assets/Gradients/Start.asset using Guid(2fee972188637f54396d3da792e56f99) Importer(815301076,1909f56bfc062723c751e8b465ee728b)  -> (artifact id: 'e9a4693ee46d69a7bc71b72d160b4d26') in 0.001743 seconds
  Import took 0.005328 seconds .

========================================================================
Received Import Request.
  Time since last request: 59.413460 seconds.
  path: Assets/Gradients/Start.asset
  artifactKey: Guid(2fee972188637f54396d3da792e56f99) Importer(815301076,1909f56bfc062723c751e8b465ee728b)
Start importing Assets/Gradients/Start.asset using Guid(2fee972188637f54396d3da792e56f99) Importer(815301076,1909f56bfc062723c751e8b465ee728b)  -> (artifact id: '8c61317cef3ace6b540c3bad2b553d44') in 0.001739 seconds
  Import took 0.005488 seconds .

========================================================================
Received Import Request.
  Time since last request: 18.308031 seconds.
  path: Assets/Gradients/Start.asset
  artifactKey: Guid(2fee972188637f54396d3da792e56f99) Importer(815301076,1909f56bfc062723c751e8b465ee728b)
Start importing Assets/Gradients/Start.asset using Guid(2fee972188637f54396d3da792e56f99) Importer(815301076,1909f56bfc062723c751e8b465ee728b)  -> (artifact id: '45c09355e32d5537ecc9536be03b833d') in 0.001674 seconds
  Import took 0.005324 seconds .

========================================================================
Received Prepare
Registering precompiled user dll's ...
Registered in 0.002444 seconds.
Begin MonoManager ReloadAssembly
Native extension for WindowsStandalone target not found
Native extension for WebGL target not found
Refreshing native plugins compatible for Editor in 0.57 ms, found 2 plugins.
Preloading 0 native plugins for Editor in 0.00 ms.
Mono: successfully reloaded assembly
- Completed reload, in  0.814 seconds
Platform modules already initialized, skipping
Shader 'Universal Render Pipeline/Particles/Lit': fallback shader 'Universal Render Pipeline/Particles/SimpleLit' not found
Shader 'Universal Render Pipeline/Particles/Lit': fallback shader 'Universal Render Pipeline/Particles/SimpleLit' not found
Refreshing native plugins compatible for Editor in 0.54 ms, found 2 plugins.
Preloading 0 native plugins for Editor in 0.00 ms.
Unloading 2678 Unused Serialized files (Serialized files now loaded: 0)
System memory in use before: 124.6 MB.
System memory in use after: 121.2 MB.

Unloading 62 unused Assets to reduce memory usage. Loaded Objects now: 3175.
Total: 3.465300 ms (FindLiveObjects: 0.248500 ms CreateObjectMapping: 0.063800 ms MarkObjects: 1.707300 ms  DeleteObjects: 1.444800 ms)

========================================================================
Received Prepare
Registering precompiled user dll's ...
Registered in 0.002361 seconds.
Begin MonoManager ReloadAssembly
Native extension for WindowsStandalone target not found
Native extension for WebGL target not found
Refreshing native plugins compatible for Editor in 0.55 ms, found 2 plugins.
Preloading 0 native plugins for Editor in 0.00 ms.
Mono: successfully reloaded assembly
- Completed reload, in  0.794 seconds
Platform modules already initialized, skipping
Shader 'Universal Render Pipeline/Particles/Lit': fallback shader 'Universal Render Pipeline/Particles/SimpleLit' not found
Shader 'Universal Render Pipeline/Particles/Lit': fallback shader 'Universal Render Pipeline/Particles/SimpleLit' not found
Refreshing native plugins compatible for Editor in 0.53 ms, found 2 plugins.
Preloading 0 native plugins for Editor in 0.00 ms.
Unloading 2678 Unused Serialized files (Serialized files now loaded: 0)
System memory in use before: 124.6 MB.
System memory in use after: 121.2 MB.

Unloading 62 unused Assets to reduce memory usage. Loaded Objects now: 3178.
Total: 3.377300 ms (FindLiveObjects: 0.241100 ms CreateObjectMapping: 0.063700 ms MarkObjects: 1.634400 ms  DeleteObjects: 1.437300 ms)

========================================================================
Received Prepare
Registering precompiled user dll's ...
Registered in 0.002425 seconds.
Begin MonoManager ReloadAssembly
Native extension for WindowsStandalone target not found
Native extension for WebGL target not found
Refreshing native plugins compatible for Editor in 0.56 ms, found 2 plugins.
Preloading 0 native plugins for Editor in 0.00 ms.
Mono: successfully reloaded assembly
- Completed reload, in  0.802 seconds
Platform modules already initialized, skipping
Shader 'Universal Render Pipeline/Particles/Lit': fallback shader 'Universal Render Pipeline/Particles/SimpleLit' not found
Shader 'Universal Render Pipeline/Particles/Lit': fallback shader 'Universal Render Pipeline/Particles/SimpleLit' not found
Refreshing native plugins compatible for Editor in 0.56 ms, found 2 plugins.
Preloading 0 native plugins for Editor in 0.00 ms.
Unloading 2678 Unused Serialized files (Serialized files now loaded: 0)
System memory in use before: 124.5 MB.
System memory in use after: 121.2 MB.

Unloading 62 unused Assets to reduce memory usage. Loaded Objects now: 3181.
Total: 3.484500 ms (FindLiveObjects: 0.283700 ms CreateObjectMapping: 0.064500 ms MarkObjects: 1.594400 ms  DeleteObjects: 1.540900 ms)

========================================================================
Received Import Request.
  Time since last request: 172455.799144 seconds.
  path: Assets/Scripts/MenuScript.cs
  artifactKey: Guid(fd80da9e5d9c1984ea541e9e8a43d8e0) Importer(815301076,1909f56bfc062723c751e8b465ee728b)
Start importing Assets/Scripts/MenuScript.cs using Guid(fd80da9e5d9c1984ea541e9e8a43d8e0) Importer(815301076,1909f56bfc062723c751e8b465ee728b)  -> (artifact id: '61da2586ec092bd4c94188cf33220143') in 0.072337 seconds
  Import took 0.160092 seconds .

========================================================================
Received Prepare
Registering precompiled user dll's ...
Registered in 0.093344 seconds.
Begin MonoManager ReloadAssembly
Native extension for WindowsStandalone target not found
Native extension for WebGL target not found
Refreshing native plugins compatible for Editor in 0.60 ms, found 2 plugins.
Preloading 0 native plugins for Editor in 0.00 ms.
Mono: successfully reloaded assembly
- Completed reload, in  1.008 seconds
Platform modules already initialized, skipping
Shader 'Universal Render Pipeline/Particles/Lit': fallback shader 'Universal Render Pipeline/Particles/SimpleLit' not found
Shader 'Universal Render Pipeline/Particles/Lit': fallback shader 'Universal Render Pipeline/Particles/SimpleLit' not found
Refreshing native plugins compatible for Editor in 0.55 ms, found 2 plugins.
Preloading 0 native plugins for Editor in 0.00 ms.
Unloading 2679 Unused Serialized files (Serialized files now loaded: 0)
System memory in use before: 124.7 MB.
System memory in use after: 121.2 MB.

Unloading 62 unused Assets to reduce memory usage. Loaded Objects now: 3185.
Total: 3.763100 ms (FindLiveObjects: 0.290200 ms CreateObjectMapping: 0.068400 ms MarkObjects: 1.870800 ms  DeleteObjects: 1.532700 ms)

========================================================================
Received Import Request.
  Time since last request: 82.289497 seconds.
  path: Assets/Scripts/MenuScript.cs
  artifactKey: Guid(fd80da9e5d9c1984ea541e9e8a43d8e0) Importer(815301076,1909f56bfc062723c751e8b465ee728b)
Start importing Assets/Scripts/MenuScript.cs using Guid(fd80da9e5d9c1984ea541e9e8a43d8e0) Importer(815301076,1909f56bfc062723c751e8b465ee728b)  -> (artifact id: '7d12d8065490d7478c2ec72ac1473bfb') in 0.007514 seconds
  Import took 0.011198 seconds .

========================================================================
Received Import Request.
  Time since last request: 110.960525 seconds.
  path: Assets/ExampleAssets/Models/magneticlevel_low.fbx
  artifactKey: Guid(bae110eee250e4b418b188f4ae4e3170) Importer(815301076,1909f56bfc062723c751e8b465ee728b)
Start importing Assets/ExampleAssets/Models/magneticlevel_low.fbx using Guid(bae110eee250e4b418b188f4ae4e3170) Importer(815301076,1909f56bfc062723c751e8b465ee728b)  -> (artifact id: 'b7daa638a4f61892d85b4e50fee1e849') in 1.058368 seconds
  Import took 1.062802 seconds .

========================================================================
Received Import Request.
  Time since last request: 0.000172 seconds.
  path: Assets/ExampleAssets/Models/Stud.fbx
  artifactKey: Guid(34624edaccd9d704a95ed404d919b492) Importer(815301076,1909f56bfc062723c751e8b465ee728b)
Start importing Assets/ExampleAssets/Models/Stud.fbx using Guid(34624edaccd9d704a95ed404d919b492) Importer(815301076,1909f56bfc062723c751e8b465ee728b)  -> (artifact id: 'fb17f227481600cbf7b05869a1581d00') in 0.036153 seconds
  Import took 0.039739 seconds .

========================================================================
Received Import Request.
  Time since last request: 0.000161 seconds.
  path: Assets/ExampleAssets/Materials/Metal_Simple_Mat.mat
  artifactKey: Guid(a0427cf339e5891468d5f2b433b2d44a) Importer(815301076,1909f56bfc062723c751e8b465ee728b)
Start importing Assets/ExampleAssets/Materials/Metal_Simple_Mat.mat using Guid(a0427cf339e5891468d5f2b433b2d44a) Importer(815301076,1909f56bfc062723c751e8b465ee728b)  -> (artifact id: 'ed8fef95f5cf1ab691e96a9fc0590164') in 0.267902 seconds
  Import took 0.271429 seconds .

========================================================================
Received Import Request.
  Time since last request: 0.000165 seconds.
  path: Assets/ExampleAssets/Models/paintbucket_low.fbx
  artifactKey: Guid(b451a052397f03c4f8a04d915d1c0492) Importer(815301076,1909f56bfc062723c751e8b465ee728b)
Start importing Assets/ExampleAssets/Models/paintbucket_low.fbx using Guid(b451a052397f03c4f8a04d915d1c0492) Importer(815301076,1909f56bfc062723c751e8b465ee728b)  -> (artifact id: '3fb120b6ed1c9690f3c18633a9ae2dd0') in 0.057778 seconds
  Import took 0.061373 seconds .

========================================================================
Received Import Request.
  Time since last request: 0.000162 seconds.
  path: Assets/ExampleAssets/Textures/Metal/Metal_MetallicSmoothness.tif
  artifactKey: Guid(40da0395b61db4448b98bab66d6b549c) Importer(815301076,1909f56bfc062723c751e8b465ee728b)
Start importing Assets/ExampleAssets/Textures/Metal/Metal_MetallicSmoothness.tif using Guid(40da0395b61db4448b98bab66d6b549c) Importer(815301076,1909f56bfc062723c751e8b465ee728b)  -> (artifact id: '4e81fa26bdee9feb69fc98217429bb48') in 0.020833 seconds
  Import took 0.024118 seconds .

========================================================================
Received Import Request.
  Time since last request: 0.000150 seconds.
  path: Assets/ExampleAssets/Textures/Metal/Metal_Normal.tif
  artifactKey: Guid(3b0b7c1f4ac9f6b499e27cf84e722ff4) Importer(815301076,1909f56bfc062723c751e8b465ee728b)
Start importing Assets/ExampleAssets/Textures/Metal/Metal_Normal.tif using Guid(3b0b7c1f4ac9f6b499e27cf84e722ff4) Importer(815301076,1909f56bfc062723c751e8b465ee728b)  -> (artifact id: '0c4e6c99857cfa609e4eb4bf546c6cd8') in 0.008924 seconds
  Import took 0.012575 seconds .

========================================================================
Received Import Request.
  Time since last request: 0.000169 seconds.
  path: Assets/ExampleAssets/Models/Workshop_Set.fbx
  artifactKey: Guid(47616bd0cda748d4cbedcfc908506b9d) Importer(815301076,1909f56bfc062723c751e8b465ee728b)
Start importing Assets/ExampleAssets/Models/Workshop_Set.fbx using Guid(47616bd0cda748d4cbedcfc908506b9d) Importer(815301076,1909f56bfc062723c751e8b465ee728b)  -> (artifact id: 'e07793a4d2b03e0e09167bfceb24a94b') in 0.080175 seconds
  Import took 0.084103 seconds .

========================================================================
Received Import Request.
  Time since last request: 0.000165 seconds.
  path: Assets/ExampleAssets/Textures/Metal/Metal_Albedo.tif
  artifactKey: Guid(77583f99dea53b641804bb357092ec83) Importer(815301076,1909f56bfc062723c751e8b465ee728b)
Start importing Assets/ExampleAssets/Textures/Metal/Metal_Albedo.tif using Guid(77583f99dea53b641804bb357092ec83) Importer(815301076,1909f56bfc062723c751e8b465ee728b)  -> (artifact id: '9255e0559d7d951abdf11e8eafd47d15') in 0.008657 seconds
  Import took 0.012107 seconds .

========================================================================
Received Import Request.
  Time since last request: 0.000161 seconds.
  path: Assets/ExampleAssets/Materials/Metal_Blue_Simple_Mat.mat
  artifactKey: Guid(cd71291c91c8cce499cb663b5db9970e) Importer(815301076,1909f56bfc062723c751e8b465ee728b)
Start importing Assets/ExampleAssets/Materials/Metal_Blue_Simple_Mat.mat using Guid(cd71291c91c8cce499cb663b5db9970e) Importer(815301076,1909f56bfc062723c751e8b465ee728b)  -> (artifact id: '91d0adbd293f6d73553ee1adc198f712') in 0.017516 seconds
  Import took 0.020732 seconds .

========================================================================
Received Import Request.
  Time since last request: 0.000168 seconds.
  path: Assets/ExampleAssets/Materials/Liquid_Mat.mat
  artifactKey: Guid(c532880e607f8c84d8b9bf0c46a522ad) Importer(815301076,1909f56bfc062723c751e8b465ee728b)
Start importing Assets/ExampleAssets/Materials/Liquid_Mat.mat using Guid(c532880e607f8c84d8b9bf0c46a522ad) Importer(815301076,1909f56bfc062723c751e8b465ee728b)  -> (artifact id: '3bf9985e948210718225141c8418d287') in 0.012338 seconds
  Import took 0.015658 seconds .

========================================================================
Received Import Request.
  Time since last request: 0.000131 seconds.
  path: Assets/ExampleAssets/Materials/Metal_Blue_Simple_Mat.mat
  artifactKey: Guid(cd71291c91c8cce499cb663b5db9970e) Importer(815301076,1909f56bfc062723c751e8b465ee728b)
Start importing Assets/ExampleAssets/Materials/Metal_Blue_Simple_Mat.mat using Guid(cd71291c91c8cce499cb663b5db9970e) Importer(815301076,1909f56bfc062723c751e8b465ee728b)  -> (artifact id: '91d0adbd293f6d73553ee1adc198f712') in 0.009729 seconds
  Import took 0.012920 seconds .

========================================================================
Received Prepare
Registering precompiled user dll's ...
Registered in 0.002370 seconds.
Begin MonoManager ReloadAssembly
Native extension for WindowsStandalone target not found
Native extension for WebGL target not found
Refreshing native plugins compatible for Editor in 0.56 ms, found 2 plugins.
Preloading 0 native plugins for Editor in 0.00 ms.
Mono: successfully reloaded assembly
- Completed reload, in  0.834 seconds
Platform modules already initialized, skipping
Shader 'Universal Render Pipeline/Particles/Lit': fallback shader 'Universal Render Pipeline/Particles/SimpleLit' not found
Shader 'Universal Render Pipeline/Particles/Lit': fallback shader 'Universal Render Pipeline/Particles/SimpleLit' not found
Refreshing native plugins compatible for Editor in 0.54 ms, found 2 plugins.
Preloading 0 native plugins for Editor in 0.00 ms.
Unloading 2679 Unused Serialized files (Serialized files now loaded: 0)
System memory in use before: 127.9 MB.
System memory in use after: 124.6 MB.

Unloading 62 unused Assets to reduce memory usage. Loaded Objects now: 3272.
Total: 3.400900 ms (FindLiveObjects: 0.217300 ms CreateObjectMapping: 0.063900 ms MarkObjects: 1.736200 ms  DeleteObjects: 1.382700 ms)

========================================================================
Received Prepare
Registering precompiled user dll's ...
Registered in 0.002268 seconds.
Begin MonoManager ReloadAssembly
Native extension for WindowsStandalone target not found
Native extension for WebGL target not found
Refreshing native plugins compatible for Editor in 0.56 ms, found 2 plugins.
Preloading 0 native plugins for Editor in 0.00 ms.
Mono: successfully reloaded assembly
- Completed reload, in  0.815 seconds
Platform modules already initialized, skipping
Shader 'Universal Render Pipeline/Particles/Lit': fallback shader 'Universal Render Pipeline/Particles/SimpleLit' not found
Shader 'Universal Render Pipeline/Particles/Lit': fallback shader 'Universal Render Pipeline/Particles/SimpleLit' not found
Refreshing native plugins compatible for Editor in 0.54 ms, found 2 plugins.
Preloading 0 native plugins for Editor in 0.00 ms.
Unloading 2679 Unused Serialized files (Serialized files now loaded: 0)
System memory in use before: 127.9 MB.
System memory in use after: 124.6 MB.

Unloading 62 unused Assets to reduce memory usage. Loaded Objects now: 3275.
Total: 3.380500 ms (FindLiveObjects: 0.217600 ms CreateObjectMapping: 0.064400 ms MarkObjects: 1.674000 ms  DeleteObjects: 1.423600 ms)

========================================================================
Received Prepare
Registering precompiled user dll's ...
Registered in 0.002514 seconds.
Begin MonoManager ReloadAssembly
Native extension for WindowsStandalone target not found
Native extension for WebGL target not found
Refreshing native plugins compatible for Editor in 0.55 ms, found 2 plugins.
Preloading 0 native plugins for Editor in 0.00 ms.
Mono: successfully reloaded assembly
- Completed reload, in  0.815 seconds
Platform modules already initialized, skipping
Shader 'Universal Render Pipeline/Particles/Lit': fallback shader 'Universal Render Pipeline/Particles/SimpleLit' not found
Shader 'Universal Render Pipeline/Particles/Lit': fallback shader 'Universal Render Pipeline/Particles/SimpleLit' not found
Refreshing native plugins compatible for Editor in 0.56 ms, found 2 plugins.
Preloading 0 native plugins for Editor in 0.00 ms.
Unloading 2679 Unused Serialized files (Serialized files now loaded: 0)
System memory in use before: 128.0 MB.
System memory in use after: 124.6 MB.

Unloading 62 unused Assets to reduce memory usage. Loaded Objects now: 3278.
Total: 3.346900 ms (FindLiveObjects: 0.222500 ms CreateObjectMapping: 0.064000 ms MarkObjects: 1.635900 ms  DeleteObjects: 1.423800 ms)

========================================================================
Received Prepare
Registering precompiled user dll's ...
Registered in 0.002290 seconds.
Begin MonoManager ReloadAssembly
Native extension for WindowsStandalone target not found
Native extension for WebGL target not found
Refreshing native plugins compatible for Editor in 0.57 ms, found 2 plugins.
Preloading 0 native plugins for Editor in 0.00 ms.
Mono: successfully reloaded assembly
- Completed reload, in  0.806 seconds
Platform modules already initialized, skipping
Shader 'Universal Render Pipeline/Particles/Lit': fallback shader 'Universal Render Pipeline/Particles/SimpleLit' not found
Shader 'Universal Render Pipeline/Particles/Lit': fallback shader 'Universal Render Pipeline/Particles/SimpleLit' not found
Refreshing native plugins compatible for Editor in 0.54 ms, found 2 plugins.
Preloading 0 native plugins for Editor in 0.00 ms.
Unloading 2679 Unused Serialized files (Serialized files now loaded: 0)
System memory in use before: 128.0 MB.
System memory in use after: 124.6 MB.

Unloading 62 unused Assets to reduce memory usage. Loaded Objects now: 3281.
Total: 3.812900 ms (FindLiveObjects: 0.268400 ms CreateObjectMapping: 0.064100 ms MarkObjects: 1.990800 ms  DeleteObjects: 1.488700 ms)

========================================================================
Received Import Request.
  Time since last request: 187.270768 seconds.
  path: Assets/Scenes/main.unity
  artifactKey: Guid(bd5300898c5477e49adf4c8d2dc971ea) Importer(815301076,1909f56bfc062723c751e8b465ee728b)
Start importing Assets/Scenes/main.unity using Guid(bd5300898c5477e49adf4c8d2dc971ea) Importer(815301076,1909f56bfc062723c751e8b465ee728b)  -> (artifact id: '40dfed73ffa4ffcea1382c9a459698ff') in 0.022845 seconds
  Import took 0.027164 seconds .

========================================================================
Received Prepare
Registering precompiled user dll's ...
Registered in 0.002380 seconds.
Begin MonoManager ReloadAssembly
Native extension for WindowsStandalone target not found
Native extension for WebGL target not found
Refreshing native plugins compatible for Editor in 0.55 ms, found 2 plugins.
Preloading 0 native plugins for Editor in 0.00 ms.
Mono: successfully reloaded assembly
- Completed reload, in  0.804 seconds
Platform modules already initialized, skipping
Shader 'Universal Render Pipeline/Particles/Lit': fallback shader 'Universal Render Pipeline/Particles/SimpleLit' not found
Shader 'Universal Render Pipeline/Particles/Lit': fallback shader 'Universal Render Pipeline/Particles/SimpleLit' not found
Refreshing native plugins compatible for Editor in 0.54 ms, found 2 plugins.
Preloading 0 native plugins for Editor in 0.00 ms.
Unloading 2679 Unused Serialized files (Serialized files now loaded: 0)
System memory in use before: 127.9 MB.
System memory in use after: 124.6 MB.

Unloading 62 unused Assets to reduce memory usage. Loaded Objects now: 3284.
Total: 3.456900 ms (FindLiveObjects: 0.240400 ms CreateObjectMapping: 0.064900 ms MarkObjects: 1.692500 ms  DeleteObjects: 1.458300 ms)

========================================================================
Received Import Request.
  Time since last request: 378.501924 seconds.
  path: Assets/Scenes/StartMenu.unity
  artifactKey: Guid(a1e5a6ed6886da145992363e680322aa) Importer(815301076,1909f56bfc062723c751e8b465ee728b)
Start importing Assets/Scenes/StartMenu.unity using Guid(a1e5a6ed6886da145992363e680322aa) Importer(815301076,1909f56bfc062723c751e8b465ee728b)  -> (artifact id: 'f8e5c6e965a73be8e43904c81fcfff0e') in 0.016354 seconds
  Import took 0.021046 seconds .

========================================================================
Received Import Request.
  Time since last request: 5.750276 seconds.
  path: Assets/Scenes/Menu.unity
  artifactKey: Guid(a1e5a6ed6886da145992363e680322aa) Importer(815301076,1909f56bfc062723c751e8b465ee728b)
Start importing Assets/Scenes/Menu.unity using Guid(a1e5a6ed6886da145992363e680322aa) Importer(815301076,1909f56bfc062723c751e8b465ee728b)  -> (artifact id: '1179c921ab8723323fb053c0bfab23b1') in 0.004317 seconds
  Import took 0.008420 seconds .

